<?xml version="1.0" encoding="UTF-8"?>
<coverage generated="1765525437627" clover="3.2.0">
  <project timestamp="1765525437627" name="All files">
    <metrics statements="120" coveredstatements="98" conditionals="176" coveredconditionals="119" methods="22" coveredmethods="16" elements="318" coveredelements="233" complexity="0" loc="120" ncloc="120" packages="2" files="21" classes="21"/>
    <package name="src">
      <metrics statements="71" coveredstatements="64" conditionals="98" coveredconditionals="71" methods="15" coveredmethods="10"/>
      <file name="add.js" path="C:\softwareTestingPro\software-testing-2025\src\add.js">
        <metrics statements="1" coveredstatements="1" conditionals="0" coveredconditionals="0" methods="1" coveredmethods="1"/>
        <line num="16" count="5" type="stmt"/>
      </file>
      <file name="filter.js" path="C:\softwareTestingPro\software-testing-2025\src\filter.js">
        <metrics statements="9" coveredstatements="9" conditionals="4" coveredconditionals="4" methods="1" coveredmethods="1"/>
        <line num="25" count="6" type="stmt"/>
        <line num="26" count="6" type="stmt"/>
        <line num="27" count="6" type="cond" truecount="2" falsecount="0"/>
        <line num="28" count="6" type="stmt"/>
        <line num="30" count="6" type="stmt"/>
        <line num="31" count="10" type="stmt"/>
        <line num="32" count="10" type="cond" truecount="2" falsecount="0"/>
        <line num="33" count="4" type="stmt"/>
        <line num="36" count="6" type="stmt"/>
      </file>
      <file name="isArguments.js" path="C:\softwareTestingPro\software-testing-2025\src\isArguments.js">
        <metrics statements="1" coveredstatements="0" conditionals="2" coveredconditionals="0" methods="1" coveredmethods="0"/>
        <line num="20" count="0" type="cond" truecount="0" falsecount="2"/>
      </file>
      <file name="isArrayLike.js" path="C:\softwareTestingPro\software-testing-2025\src\isArrayLike.js">
        <metrics statements="1" coveredstatements="1" conditionals="3" coveredconditionals="3" methods="1" coveredmethods="1"/>
        <line num="27" count="15" type="cond" truecount="3" falsecount="0"/>
      </file>
      <file name="isBuffer.js" path="C:\softwareTestingPro\software-testing-2025\src\isBuffer.js">
        <metrics statements="6" coveredstatements="6" conditionals="17" coveredconditionals="14" methods="1" coveredmethods="0"/>
        <line num="5" count="1" type="cond" truecount="4" falsecount="0"/>
        <line num="12" count="1" type="cond" truecount="5" falsecount="0"/>
        <line num="19" count="1" type="cond" truecount="2" falsecount="0"/>
        <line num="22" count="1" type="cond" truecount="1" falsecount="1"/>
        <line num="25" count="1" type="cond" truecount="1" falsecount="1"/>
        <line num="42" count="1" type="cond" truecount="1" falsecount="1"/>
      </file>
      <file name="isEmpty.js" path="C:\softwareTestingPro\software-testing-2025\src\isEmpty.js">
        <metrics statements="14" coveredstatements="13" conditionals="19" coveredconditionals="14" methods="1" coveredmethods="1"/>
        <line num="9" count="1" type="stmt"/>
        <line num="46" count="17" type="cond" truecount="2" falsecount="0"/>
        <line num="47" count="2" type="stmt"/>
        <line num="49" count="15" type="cond" truecount="2" falsecount="0"/>
        <line num="58" count="4" type="stmt"/>
        <line num="60" count="11" type="stmt"/>
        <line num="61" count="11" type="cond" truecount="4" falsecount="0"/>
        <line num="62" count="4" type="stmt"/>
        <line num="64" count="7" type="cond" truecount="1" falsecount="1"/>
        <line num="65" count="0" type="stmt"/>
        <line num="67" count="7" type="stmt"/>
        <line num="68" count="2" type="cond" truecount="2" falsecount="0"/>
        <line num="69" count="1" type="stmt"/>
        <line num="72" count="6" type="stmt"/>
      </file>
      <file name="isLength.js" path="C:\softwareTestingPro\software-testing-2025\src\isLength.js">
        <metrics statements="2" coveredstatements="2" conditionals="4" coveredconditionals="4" methods="1" coveredmethods="1"/>
        <line num="2" count="1" type="stmt"/>
        <line num="29" count="15" type="stmt"/>
      </file>
      <file name="isObject.js" path="C:\softwareTestingPro\software-testing-2025\src\isObject.js">
        <metrics statements="2" coveredstatements="2" conditionals="3" coveredconditionals="3" methods="1" coveredmethods="1"/>
        <line num="25" count="7" type="stmt"/>
        <line num="26" count="7" type="cond" truecount="3" falsecount="0"/>
      </file>
      <file name="isObjectLike.js" path="C:\softwareTestingPro\software-testing-2025\src\isObjectLike.js">
        <metrics statements="1" coveredstatements="0" conditionals="2" coveredconditionals="0" methods="1" coveredmethods="0"/>
        <line num="24" count="0" type="cond" truecount="0" falsecount="2"/>
      </file>
      <file name="isSymbol.js" path="C:\softwareTestingPro\software-testing-2025\src\isSymbol.js">
        <metrics statements="2" coveredstatements="2" conditionals="4" coveredconditionals="4" methods="1" coveredmethods="1"/>
        <line num="19" count="17" type="stmt"/>
        <line num="20" count="17" type="stmt"/>
      </file>
      <file name="isTypedArray.js" path="C:\softwareTestingPro\software-testing-2025\src\isTypedArray.js">
        <metrics statements="5" coveredstatements="3" conditionals="6" coveredconditionals="3" methods="2" coveredmethods="0"/>
        <line num="7" count="1" type="stmt"/>
        <line num="10" count="1" type="cond" truecount="2" falsecount="0"/>
        <line num="27" count="1" type="cond" truecount="1" falsecount="1"/>
        <line num="28" count="0" type="stmt"/>
        <line num="29" count="0" type="cond" truecount="0" falsecount="2"/>
      </file>
      <file name="toNumber.js" path="C:\softwareTestingPro\software-testing-2025\src\toNumber.js">
        <metrics statements="18" coveredstatements="17" conditionals="22" coveredconditionals="14" methods="1" coveredmethods="1"/>
        <line num="5" count="1" type="stmt"/>
        <line num="8" count="1" type="stmt"/>
        <line num="11" count="1" type="stmt"/>
        <line num="14" count="1" type="stmt"/>
        <line num="17" count="1" type="stmt"/>
        <line num="20" count="1" type="stmt"/>
        <line num="45" count="7" type="cond" truecount="2" falsecount="0"/>
        <line num="46" count="2" type="stmt"/>
        <line num="48" count="5" type="cond" truecount="1" falsecount="1"/>
        <line num="49" count="0" type="stmt"/>
        <line num="51" count="5" type="cond" truecount="2" falsecount="0"/>
        <line num="52" count="2" type="cond" truecount="1" falsecount="1"/>
        <line num="53" count="2" type="cond" truecount="1" falsecount="1"/>
        <line num="55" count="5" type="cond" truecount="2" falsecount="0"/>
        <line num="56" count="1" type="cond" truecount="1" falsecount="1"/>
        <line num="58" count="4" type="stmt"/>
        <line num="59" count="4" type="stmt"/>
        <line num="60" count="4" type="cond" truecount="3" falsecount="1"/>
      </file>
      <file name="toString.js" path="C:\softwareTestingPro\software-testing-2025\src\toString.js">
        <metrics statements="9" coveredstatements="8" conditionals="12" coveredconditionals="8" methods="2" coveredmethods="2"/>
        <line num="4" count="1" type="stmt"/>
        <line num="27" count="21" type="cond" truecount="2" falsecount="0"/>
        <line num="28" count="1" type="stmt"/>
        <line num="30" count="20" type="cond" truecount="2" falsecount="0"/>
        <line num="32" count="16" type="cond" truecount="1" falsecount="1"/>
        <line num="34" count="12" type="cond" truecount="1" falsecount="1"/>
        <line num="35" count="0" type="stmt"/>
        <line num="37" count="12" type="stmt"/>
        <line num="38" count="12" type="cond" truecount="2" falsecount="2"/>
      </file>
    </package>
    <package name="src..internal">
      <metrics statements="49" coveredstatements="34" conditionals="78" coveredconditionals="48" methods="7" coveredmethods="6"/>
      <file name="baseToNumber.js" path="C:\softwareTestingPro\software-testing-2025\src\.internal\baseToNumber.js">
        <metrics statements="6" coveredstatements="3" conditionals="4" coveredconditionals="1" methods="1" coveredmethods="1"/>
        <line num="4" count="1" type="stmt"/>
        <line num="15" count="10" type="cond" truecount="1" falsecount="1"/>
        <line num="16" count="10" type="stmt"/>
        <line num="18" count="0" type="cond" truecount="0" falsecount="2"/>
        <line num="19" count="0" type="stmt"/>
        <line num="21" count="0" type="stmt"/>
      </file>
      <file name="baseToString.js" path="C:\softwareTestingPro\software-testing-2025\src\.internal\baseToString.js">
        <metrics statements="10" coveredstatements="2" conditionals="12" coveredconditionals="0" methods="1" coveredmethods="0"/>
        <line num="4" count="1" type="stmt"/>
        <line num="7" count="1" type="stmt"/>
        <line num="19" count="0" type="cond" truecount="0" falsecount="2"/>
        <line num="20" count="0" type="stmt"/>
        <line num="22" count="0" type="cond" truecount="0" falsecount="2"/>
        <line num="24" count="0" type="stmt"/>
        <line num="26" count="0" type="cond" truecount="0" falsecount="2"/>
        <line num="27" count="0" type="cond" truecount="0" falsecount="2"/>
        <line num="29" count="0" type="stmt"/>
        <line num="30" count="0" type="cond" truecount="0" falsecount="4"/>
      </file>
      <file name="createMathOperation.js" path="C:\softwareTestingPro\software-testing-2025\src\.internal\createMathOperation.js">
        <metrics statements="13" coveredstatements="10" conditionals="16" coveredconditionals="14" methods="2" coveredmethods="2"/>
        <line num="13" count="1" type="stmt"/>
        <line num="14" count="7" type="cond" truecount="4" falsecount="0"/>
        <line num="15" count="1" type="stmt"/>
        <line num="17" count="6" type="cond" truecount="4" falsecount="0"/>
        <line num="18" count="1" type="stmt"/>
        <line num="20" count="5" type="cond" truecount="3" falsecount="1"/>
        <line num="21" count="0" type="stmt"/>
        <line num="23" count="5" type="cond" truecount="3" falsecount="1"/>
        <line num="24" count="0" type="stmt"/>
        <line num="25" count="0" type="stmt"/>
        <line num="27" count="5" type="stmt"/>
        <line num="28" count="5" type="stmt"/>
        <line num="30" count="5" type="stmt"/>
      </file>
      <file name="freeGlobal.js" path="C:\softwareTestingPro\software-testing-2025\src\.internal\freeGlobal.js">
        <metrics statements="1" coveredstatements="1" conditionals="4" coveredconditionals="4" methods="0" coveredmethods="0"/>
        <line num="3" count="1" type="cond" truecount="4" falsecount="0"/>
      </file>
      <file name="getTag.js" path="C:\softwareTestingPro\software-testing-2025\src\.internal\getTag.js">
        <metrics statements="4" coveredstatements="3" conditionals="4" coveredconditionals="1" methods="1" coveredmethods="1"/>
        <line num="1" count="4" type="stmt"/>
        <line num="11" count="13" type="cond" truecount="1" falsecount="1"/>
        <line num="12" count="0" type="cond" truecount="0" falsecount="2"/>
        <line num="14" count="13" type="stmt"/>
      </file>
      <file name="isPrototype.js" path="C:\softwareTestingPro\software-testing-2025\src\.internal\isPrototype.js">
        <metrics statements="4" coveredstatements="4" conditionals="5" coveredconditionals="5" methods="1" coveredmethods="1"/>
        <line num="2" count="1" type="stmt"/>
        <line num="12" count="7" type="cond" truecount="2" falsecount="0"/>
        <line num="13" count="7" type="cond" truecount="3" falsecount="0"/>
        <line num="15" count="7" type="stmt"/>
      </file>
      <file name="nodeTypes.js" path="C:\softwareTestingPro\software-testing-2025\src\.internal\nodeTypes.js">
        <metrics statements="8" coveredstatements="8" conditionals="21" coveredconditionals="17" methods="1" coveredmethods="1"/>
        <line num="5" count="1" type="cond" truecount="4" falsecount="0"/>
        <line num="12" count="1" type="cond" truecount="5" falsecount="0"/>
        <line num="19" count="1" type="cond" truecount="2" falsecount="0"/>
        <line num="22" count="1" type="cond" truecount="2" falsecount="0"/>
        <line num="25" count="1" type="stmt"/>
        <line num="26" count="1" type="stmt"/>
        <line num="30" count="1" type="cond" truecount="3" falsecount="0"/>
        <line num="31" count="1" type="cond" truecount="1" falsecount="1"/>
      </file>
      <file name="root.js" path="C:\softwareTestingPro\software-testing-2025\src\.internal\root.js">
        <metrics statements="3" coveredstatements="3" conditionals="12" coveredconditionals="6" methods="0" coveredmethods="0"/>
        <line num="6" count="1" type="cond" truecount="4" falsecount="0"/>
        <line num="13" count="1" type="cond" truecount="1" falsecount="3"/>
        <line num="17" count="1" type="cond" truecount="1" falsecount="3"/>
      </file>
    </package>
  </project>
</coverage>
