TN:
SF:src\add.js
FN:16,(anonymous_0)
FNF:1
FNH:1
FNDA:5,(anonymous_0)
DA:16,5
LF:1
LH:1
BRF:0
BRH:0
end_of_record
TN:
SF:src\filter.js
FN:24,filter
FNF:1
FNH:1
FNDA:6,filter
DA:25,6
DA:26,6
DA:27,6
DA:28,6
DA:30,6
DA:31,10
DA:32,10
DA:33,4
DA:36,6
LF:9
LH:9
BRDA:27,0,0,1
BRDA:27,0,1,5
BRDA:32,1,0,4
BRDA:32,1,1,6
BRF:4
BRH:4
end_of_record
TN:
SF:src\get.js
FN:27,get
FNF:1
FNH:1
FNDA:9,get
DA:28,9
DA:29,9
LF:2
LH:2
BRDA:28,0,0,2
BRDA:28,0,1,7
BRDA:29,1,0,5
BRDA:29,1,1,4
BRF:4
BRH:4
end_of_record
TN:
SF:src\isArguments.js
FN:19,isArguments
FNF:1
FNH:0
FNDA:0,isArguments
DA:20,0
LF:1
LH:0
BRDA:20,0,0,0
BRDA:20,0,1,0
BRF:2
BRH:0
end_of_record
TN:
SF:src\isArrayLike.js
FN:26,isArrayLike
FNF:1
FNH:1
FNDA:15,isArrayLike
DA:27,15
LF:1
LH:1
BRDA:27,0,0,15
BRDA:27,0,1,15
BRDA:27,0,2,15
BRF:3
BRH:3
end_of_record
TN:
SF:src\isBuffer.js
FN:42,(anonymous_0)
FNF:1
FNH:0
FNDA:0,(anonymous_0)
DA:5,1
DA:12,1
DA:19,1
DA:22,1
DA:25,1
DA:42,1
LF:6
LH:6
BRDA:5,0,0,1
BRDA:5,0,1,1
BRDA:5,0,2,1
BRDA:5,0,3,1
BRDA:12,1,0,1
BRDA:12,1,1,1
BRDA:12,1,2,1
BRDA:12,1,3,1
BRDA:12,1,4,1
BRDA:19,2,0,1
BRDA:19,2,1,1
BRDA:22,3,0,1
BRDA:22,3,1,0
BRDA:25,4,0,1
BRDA:25,4,1,0
BRDA:42,5,0,1
BRDA:42,5,1,0
BRF:17
BRH:14
end_of_record
TN:
SF:src\isEmpty.js
FN:45,isEmpty
FNF:1
FNH:1
FNDA:17,isEmpty
DA:9,1
DA:46,17
DA:47,2
DA:49,15
DA:58,4
DA:60,11
DA:61,11
DA:62,4
DA:64,7
DA:65,0
DA:67,7
DA:68,2
DA:69,1
DA:72,6
LF:14
LH:13
BRDA:46,0,0,2
BRDA:46,0,1,15
BRDA:49,1,0,4
BRDA:49,1,1,11
BRDA:50,2,0,15
BRDA:50,2,1,4
BRDA:50,2,2,2
BRDA:50,2,3,0
BRDA:50,2,4,0
BRDA:50,2,5,0
BRDA:50,2,6,0
BRDA:61,3,0,4
BRDA:61,3,1,7
BRDA:61,4,0,11
BRDA:61,4,1,9
BRDA:64,5,0,0
BRDA:64,5,1,7
BRDA:68,6,0,1
BRDA:68,6,1,1
BRF:19
BRH:14
end_of_record
TN:
SF:src\isLength.js
FN:28,isLength
FNF:1
FNH:1
FNDA:15,isLength
DA:2,1
DA:29,15
LF:2
LH:2
BRDA:30,0,0,15
BRDA:30,0,1,4
BRDA:30,0,2,4
BRDA:30,0,3,4
BRF:4
BRH:4
end_of_record
TN:
SF:src\isObject.js
FN:24,isObject
FNF:1
FNH:1
FNDA:7,isObject
DA:25,7
DA:26,7
LF:2
LH:2
BRDA:26,0,0,7
BRDA:26,0,1,7
BRDA:26,0,2,5
BRF:3
BRH:3
end_of_record
TN:
SF:src\isObjectLike.js
FN:23,isObjectLike
FNF:1
FNH:0
FNDA:0,isObjectLike
DA:24,0
LF:1
LH:0
BRDA:24,0,0,0
BRDA:24,0,1,0
BRF:2
BRH:0
end_of_record
TN:
SF:src\isSymbol.js
FN:18,isSymbol
FNF:1
FNH:1
FNDA:23,isSymbol
DA:19,23
DA:20,23
LF:2
LH:2
BRDA:21,0,0,23
BRDA:21,0,1,23
BRDA:21,0,2,2
BRDA:21,0,3,2
BRF:4
BRH:4
end_of_record
TN:
SF:src\isTypedArray.js
FN:28,(anonymous_0)
FN:29,(anonymous_1)
FNF:2
FNH:0
FNDA:0,(anonymous_0)
FNDA:0,(anonymous_1)
DA:7,1
DA:10,1
DA:27,1
DA:28,0
DA:29,0
LF:5
LH:3
BRDA:10,0,0,1
BRDA:10,0,1,1
BRDA:27,1,0,1
BRDA:27,1,1,0
BRDA:29,2,0,0
BRDA:29,2,1,0
BRF:6
BRH:3
end_of_record
TN:
SF:src\memoize.js
FN:43,memoize
FN:50,(anonymous_1)
FNF:2
FNH:2
FNDA:1,memoize
FNDA:5,(anonymous_1)
DA:44,1
DA:48,0
DA:50,1
DA:51,5
DA:52,5
DA:54,5
DA:55,0
DA:57,5
DA:58,5
DA:59,5
DA:61,1
DA:62,1
DA:65,1
LF:13
LH:11
BRDA:44,0,0,0
BRDA:44,0,1,1
BRDA:45,1,0,1
BRDA:45,1,1,1
BRDA:45,1,2,1
BRDA:51,2,0,5
BRDA:51,2,1,0
BRDA:54,3,0,0
BRDA:54,3,1,5
BRDA:58,4,0,5
BRDA:58,4,1,0
BRDA:61,5,0,1
BRDA:61,5,1,0
BRF:13
BRH:8
end_of_record
TN:
SF:src\toNumber.js
FN:44,toNumber
FNF:1
FNH:1
FNDA:7,toNumber
DA:5,1
DA:8,1
DA:11,1
DA:14,1
DA:17,1
DA:20,1
DA:45,7
DA:46,2
DA:48,5
DA:49,0
DA:51,5
DA:52,2
DA:53,2
DA:55,5
DA:56,1
DA:58,4
DA:59,4
DA:60,4
LF:18
LH:17
BRDA:45,0,0,2
BRDA:45,0,1,5
BRDA:48,1,0,0
BRDA:48,1,1,5
BRDA:51,2,0,2
BRDA:51,2,1,3
BRDA:52,3,0,2
BRDA:52,3,1,0
BRDA:53,4,0,0
BRDA:53,4,1,2
BRDA:55,5,0,1
BRDA:55,5,1,4
BRDA:56,6,0,0
BRDA:56,6,1,1
BRDA:60,7,0,0
BRDA:60,7,1,4
BRDA:60,8,0,4
BRDA:60,8,1,4
BRDA:61,9,0,0
BRDA:61,9,1,0
BRDA:62,10,0,0
BRDA:62,10,1,4
BRF:22
BRH:14
end_of_record
TN:
SF:src\toString.js
FN:25,toString
FN:32,(anonymous_1)
FNF:2
FNH:2
FNDA:21,toString
FNDA:16,(anonymous_1)
DA:4,1
DA:27,21
DA:28,1
DA:30,20
DA:32,16
DA:34,12
DA:35,0
DA:37,12
DA:38,12
LF:9
LH:8
BRDA:27,0,0,1
BRDA:27,0,1,20
BRDA:30,1,0,8
BRDA:30,1,1,12
BRDA:32,2,0,0
BRDA:32,2,1,16
BRDA:34,3,0,0
BRDA:34,3,1,12
BRDA:38,4,0,0
BRDA:38,4,1,12
BRDA:38,5,0,12
BRDA:38,5,1,0
BRF:12
BRH:8
end_of_record
TN:
SF:src\.internal\baseGet.js
FN:12,baseGet
FNF:1
FNH:1
FNDA:7,baseGet
DA:13,7
DA:15,7
DA:16,7
DA:18,7
DA:19,17
DA:21,7
LF:6
LH:6
BRDA:18,0,0,24
BRDA:18,0,1,21
BRDA:21,1,0,5
BRDA:21,1,1,2
BRDA:21,2,0,7
BRDA:21,2,1,7
BRF:6
BRH:6
end_of_record
TN:
SF:src\.internal\baseToNumber.js
FN:14,baseToNumber
FNF:1
FNH:1
FNDA:10,baseToNumber
DA:4,1
DA:15,10
DA:16,10
DA:18,0
DA:19,0
DA:21,0
LF:6
LH:3
BRDA:15,0,0,10
BRDA:15,0,1,0
BRDA:18,1,0,0
BRDA:18,1,1,0
BRF:4
BRH:1
end_of_record
TN:
SF:src\.internal\baseToString.js
FN:17,baseToString
FNF:1
FNH:0
FNDA:0,baseToString
DA:4,1
DA:7,1
DA:19,0
DA:20,0
DA:22,0
DA:24,0
DA:26,0
DA:27,0
DA:29,0
DA:30,0
LF:10
LH:2
BRDA:19,0,0,0
BRDA:19,0,1,0
BRDA:22,1,0,0
BRDA:22,1,1,0
BRDA:26,2,0,0
BRDA:26,2,1,0
BRDA:27,3,0,0
BRDA:27,3,1,0
BRDA:30,4,0,0
BRDA:30,4,1,0
BRDA:30,5,0,0
BRDA:30,5,1,0
BRF:12
BRH:0
end_of_record
TN:
SF:src\.internal\castPath.js
FN:12,castPath
FNF:1
FNH:1
FNDA:7,castPath
DA:13,7
DA:14,1
DA:16,6
LF:3
LH:3
BRDA:13,0,0,1
BRDA:13,0,1,6
BRDA:16,1,0,1
BRDA:16,1,1,5
BRF:4
BRH:4
end_of_record
TN:
SF:src\.internal\createMathOperation.js
FN:12,createMathOperation
FN:13,(anonymous_1)
FNF:2
FNH:2
FNDA:1,createMathOperation
FNDA:7,(anonymous_1)
DA:13,1
DA:14,7
DA:15,1
DA:17,6
DA:18,1
DA:20,5
DA:21,0
DA:23,5
DA:24,0
DA:25,0
DA:27,5
DA:28,5
DA:30,5
LF:13
LH:10
BRDA:14,0,0,1
BRDA:14,0,1,6
BRDA:14,1,0,7
BRDA:14,1,1,1
BRDA:17,2,0,1
BRDA:17,2,1,5
BRDA:17,3,0,6
BRDA:17,3,1,6
BRDA:20,4,0,0
BRDA:20,4,1,5
BRDA:20,5,0,5
BRDA:20,5,1,5
BRDA:23,6,0,0
BRDA:23,6,1,5
BRDA:23,7,0,5
BRDA:23,7,1,5
BRF:16
BRH:14
end_of_record
TN:
SF:src\.internal\freeGlobal.js
FNF:0
FNH:0
DA:3,1
LF:1
LH:1
BRDA:3,0,0,1
BRDA:3,0,1,1
BRDA:3,0,2,1
BRDA:3,0,3,1
BRF:4
BRH:4
end_of_record
TN:
SF:src\.internal\getTag.js
FN:10,getTag
FNF:1
FNH:1
FNDA:13,getTag
DA:1,5
DA:11,13
DA:12,0
DA:14,13
LF:4
LH:3
BRDA:11,0,0,0
BRDA:11,0,1,13
BRDA:12,1,0,0
BRDA:12,1,1,0
BRF:4
BRH:1
end_of_record
TN:
SF:src\.internal\isKey.js
FN:15,isKey
FNF:1
FNH:1
FNDA:6,isKey
DA:4,1
DA:5,1
DA:16,6
DA:17,0
DA:19,6
DA:20,6
DA:26,0
DA:28,6
LF:8
LH:6
BRDA:16,0,0,0
BRDA:16,0,1,6
BRDA:20,1,0,0
BRDA:20,1,1,6
BRDA:21,2,0,6
BRDA:21,2,1,6
BRDA:21,2,2,6
BRDA:21,2,3,6
BRDA:29,3,0,6
BRDA:29,3,1,5
BRDA:29,3,2,5
BRDA:29,3,3,5
BRF:12
BRH:10
end_of_record
TN:
SF:src\.internal\isPrototype.js
FN:11,isPrototype
FNF:1
FNH:1
FNDA:7,isPrototype
DA:2,1
DA:12,7
DA:13,7
DA:15,7
LF:4
LH:4
BRDA:12,0,0,7
BRDA:12,0,1,5
BRDA:13,1,0,7
BRDA:13,1,1,5
BRDA:13,1,2,2
BRF:5
BRH:5
end_of_record
TN:
SF:src\.internal\memoizeCapped.js
FN:14,memoizeCapped
FN:15,(anonymous_1)
FNF:2
FNH:2
FNDA:1,memoizeCapped
FNDA:5,(anonymous_1)
DA:4,1
DA:15,1
DA:16,5
DA:17,5
DA:18,0
DA:20,5
DA:23,1
LF:7
LH:6
BRDA:17,0,0,0
BRDA:17,0,1,5
BRF:2
BRH:1
end_of_record
TN:
SF:src\.internal\nodeTypes.js
FN:25,(anonymous_0)
FNF:1
FNH:1
FNDA:1,(anonymous_0)
DA:5,1
DA:12,1
DA:19,1
DA:22,1
DA:25,1
DA:26,1
DA:30,1
DA:31,1
LF:8
LH:8
BRDA:5,0,0,1
BRDA:5,0,1,1
BRDA:5,0,2,1
BRDA:5,0,3,1
BRDA:12,1,0,1
BRDA:12,1,1,1
BRDA:12,1,2,1
BRDA:12,1,3,1
BRDA:12,1,4,1
BRDA:19,2,0,1
BRDA:19,2,1,1
BRDA:22,3,0,1
BRDA:22,3,1,1
BRDA:30,4,0,1
BRDA:30,4,1,1
BRDA:30,4,2,1
BRDA:31,5,0,1
BRDA:31,5,1,0
BRDA:34,6,0,0
BRDA:34,6,1,0
BRDA:34,6,2,0
BRF:21
BRH:17
end_of_record
TN:
SF:src\.internal\root.js
FNF:0
FNH:0
DA:6,1
DA:13,1
DA:17,1
LF:3
LH:3
BRDA:6,0,0,1
BRDA:6,0,1,1
BRDA:6,0,2,1
BRDA:6,0,3,1
BRDA:13,1,0,1
BRDA:13,1,1,0
BRDA:13,1,2,0
BRDA:13,1,3,0
BRDA:17,2,0,1
BRDA:17,2,1,0
BRDA:17,2,2,0
BRDA:17,2,3,0
BRF:12
BRH:6
end_of_record
TN:
SF:src\.internal\stringToPath.js
FN:30,(anonymous_0)
FN:35,(anonymous_1)
FNF:2
FNH:2
FNDA:5,(anonymous_0)
FNDA:14,(anonymous_1)
DA:3,1
DA:4,1
DA:5,1
DA:30,1
DA:31,5
DA:32,5
DA:33,0
DA:35,5
DA:36,14
DA:37,14
DA:38,0
DA:39,14
DA:40,2
DA:42,14
DA:44,5
LF:15
LH:13
BRDA:32,0,0,0
BRDA:32,0,1,5
BRDA:37,1,0,0
BRDA:37,1,1,14
BRDA:39,2,0,2
BRDA:39,2,1,12
BRF:6
BRH:4
end_of_record
TN:
SF:src\.internal\toKey.js
FN:13,toKey
FNF:1
FNH:1
FNDA:17,toKey
DA:4,1
DA:14,17
DA:15,17
DA:17,0
DA:18,0
LF:5
LH:3
BRDA:14,0,0,17
BRDA:14,0,1,0
BRDA:14,1,0,17
BRDA:14,1,1,0
BRDA:18,2,0,0
BRDA:18,2,1,0
BRDA:18,3,0,0
BRDA:18,3,1,0
BRF:8
BRH:2
end_of_record
